<?xml version="1.0" encoding="UTF-8"?>
<testng-results ignored="0" total="4" passed="4" failed="0" skipped="0">
  <reporter-output>
  </reporter-output>
  <suite started-at="2022-07-05T15:12:11 IST" name="Suite" finished-at="2022-07-05T15:13:18 IST" duration-ms="66877">
    <groups>
    </groups>
    <test started-at="2022-07-05T15:12:11 IST" name="Test" finished-at="2022-07-05T15:13:18 IST" duration-ms="66877">
      <class name="Academy.ValidateTitle">
        <test-method is-config="true" signature="initiBrowser()[pri:0, instance:Academy.ValidateTitle@27d5a580]" started-at="2022-07-05T15:12:32 IST" name="initiBrowser" finished-at="2022-07-05T15:12:43 IST" duration-ms="11074" status="PASS">
          <reporter-output>
          </reporter-output>
        </test-method> <!-- initiBrowser -->
        <test-method signature="basePageNavigation()[pri:0, instance:Academy.ValidateTitle@27d5a580]" started-at="2022-07-05T15:12:43 IST" name="basePageNavigation" finished-at="2022-07-05T15:12:43 IST" duration-ms="29" status="PASS">
          <reporter-output>
          </reporter-output>
        </test-method> <!-- basePageNavigation -->
        <test-method is-config="true" signature="closeBrowser()[pri:0, instance:Academy.ValidateTitle@27d5a580]" started-at="2022-07-05T15:13:14 IST" name="closeBrowser" finished-at="2022-07-05T15:13:18 IST" duration-ms="4161" status="PASS">
          <reporter-output>
          </reporter-output>
        </test-method> <!-- closeBrowser -->
      </class> <!-- Academy.ValidateTitle -->
      <class name="Academy.HomePage">
        <test-method is-config="true" signature="initiBrowser()[pri:0, instance:Academy.HomePage@198d6542]" started-at="2022-07-05T15:12:11 IST" name="initiBrowser" finished-at="2022-07-05T15:12:13 IST" duration-ms="2104" status="PASS">
          <reporter-output>
          </reporter-output>
        </test-method> <!-- initiBrowser -->
        <test-method signature="basePageNavigation(java.lang.String,java.lang.String)[pri:0, instance:Academy.HomePage@198d6542]" started-at="2022-07-05T15:12:43 IST" name="basePageNavigation" data-provider="getData" finished-at="2022-07-05T15:13:01 IST" duration-ms="18205" status="PASS">
          <params>
            <param index="0">
              <value>
                <![CDATA[solidqa1@gmail.com]]>
              </value>
            </param>
            <param index="1">
              <value>
                <![CDATA[Test@123]]>
              </value>
            </param>
          </params>
          <reporter-output>
          </reporter-output>
        </test-method> <!-- basePageNavigation -->
        <test-method signature="basePageNavigation(java.lang.String,java.lang.String)[pri:0, instance:Academy.HomePage@198d6542]" started-at="2022-07-05T15:13:01 IST" name="basePageNavigation" data-provider="getData" finished-at="2022-07-05T15:13:14 IST" duration-ms="12557" status="PASS">
          <params>
            <param index="0">
              <value>
                <![CDATA[solidqa2@gmail.com]]>
              </value>
            </param>
            <param index="1">
              <value>
                <![CDATA[Test@123]]>
              </value>
            </param>
          </params>
          <reporter-output>
          </reporter-output>
        </test-method> <!-- basePageNavigation -->
        <test-method is-config="true" signature="closeBrowser()[pri:0, instance:Academy.HomePage@198d6542]" started-at="2022-07-05T15:13:14 IST" name="closeBrowser" finished-at="2022-07-05T15:13:14 IST" duration-ms="107" status="PASS">
          <reporter-output>
          </reporter-output>
        </test-method> <!-- closeBrowser -->
      </class> <!-- Academy.HomePage -->
      <class name="Academy.ValidateNavigationBar">
        <test-method is-config="true" signature="initiBrowser()[pri:0, instance:Academy.ValidateNavigationBar@1f75a668]" started-at="2022-07-05T15:12:13 IST" name="initiBrowser" finished-at="2022-07-05T15:12:32 IST" duration-ms="18352" status="PASS">
          <reporter-output>
          </reporter-output>
        </test-method> <!-- initiBrowser -->
        <test-method signature="basePageNavigation()[pri:0, instance:Academy.ValidateNavigationBar@1f75a668]" started-at="2022-07-05T15:12:43 IST" name="basePageNavigation" finished-at="2022-07-05T15:12:43 IST" duration-ms="47" status="PASS">
          <reporter-output>
          </reporter-output>
        </test-method> <!-- basePageNavigation -->
        <test-method is-config="true" signature="closeBrowser()[pri:0, instance:Academy.ValidateNavigationBar@1f75a668]" started-at="2022-07-05T15:13:14 IST" name="closeBrowser" finished-at="2022-07-05T15:13:14 IST" duration-ms="191" status="PASS">
          <reporter-output>
          </reporter-output>
        </test-method> <!-- closeBrowser -->
      </class> <!-- Academy.ValidateNavigationBar -->
    </test> <!-- Test -->
  </suite> <!-- Suite -->
</testng-results>
