<?xml version="1.0" encoding="UTF-8"?>
<!-- Generated by org.testng.reporters.JUnitXMLReporter -->
<testsuite ignored="0" hostname="DESKTOP-LES2TT7" failures="0" tests="4" name="Test" time="66.877" errors="0" timestamp="2022-07-05T15:13:18 IST">
  <testcase classname="Academy.ValidateNavigationBar" name="basePageNavigation" time="0.047"/>
  <testcase classname="Academy.ValidateTitle" name="basePageNavigation" time="0.029"/>
  <testcase classname="Academy.HomePage" name="basePageNavigation" time="18.205"/>
  <testcase classname="Academy.HomePage" name="basePageNavigation" time="12.557"/>
</testsuite> <!-- Test -->
